ARM GAS  C:\Users\WINDOW~1\AppData\Local\Temp\ccjnAC1M.s 			page 1


   1              		.syntax unified
   2              		.cpu cortex-m3
   3              		.fpu softvfp
   4              		.eabi_attribute 20, 1
   5              		.eabi_attribute 21, 1
   6              		.eabi_attribute 23, 3
   7              		.eabi_attribute 24, 1
   8              		.eabi_attribute 25, 1
   9              		.eabi_attribute 26, 1
  10              		.eabi_attribute 30, 1
  11              		.eabi_attribute 34, 1
  12              		.eabi_attribute 18, 4
  13              		.thumb
  14              		.syntax unified
  15              		.file	"main.c"
  16              		.text
  17              	.Ltext0:
  18              		.cfi_sections	.debug_frame
  19              		.section	.text.zmain,"ax",%progbits
  20              		.align	2
  21              		.global	zmain
  22              		.thumb
  23              		.thumb_func
  24              		.type	zmain, %function
  25              	zmain:
  26              	.LFB85:
  27              		.file 1 "main.c"
   1:main.c        **** /**
   2:main.c        **** * @mainpage ZumoBot Project
   3:main.c        **** * @brief    You can make your own ZumoBot with various sensors.
   4:main.c        **** * @details  <br><br>
   5:main.c        ****     <p>
   6:main.c        ****     <B>General</B><br>
   7:main.c        ****     You will use Pololu Zumo Shields for your robot project with CY8CKIT-059(PSoC 5LP) from Cypress
   8:main.c        ****     library has basic methods of various sensors and communications so that you can make what you w
   9:main.c        ****     <br><br>
  10:main.c        ****     </p>
  11:main.c        ****     
  12:main.c        ****     <p>
  13:main.c        ****     <B>Sensors</B><br>
  14:main.c        ****     &nbsp;Included: <br>
  15:main.c        ****         &nbsp;&nbsp;&nbsp;&nbsp;LSM303D: Accelerometer & Magnetometer<br>
  16:main.c        ****         &nbsp;&nbsp;&nbsp;&nbsp;L3GD20H: Gyroscope<br>
  17:main.c        ****         &nbsp;&nbsp;&nbsp;&nbsp;Reflectance sensor<br>
  18:main.c        ****         &nbsp;&nbsp;&nbsp;&nbsp;Motors
  19:main.c        ****     &nbsp;Wii nunchuck<br>
  20:main.c        ****     &nbsp;TSOP-2236: IR Receiver<br>
  21:main.c        ****     &nbsp;HC-SR04: Ultrasonic sensor<br>
  22:main.c        ****     &nbsp;APDS-9301: Ambient light sensor<br>
  23:main.c        ****     &nbsp;IR LED <br><br><br>
  24:main.c        ****     </p>
  25:main.c        ****     
  26:main.c        ****     <p>
  27:main.c        ****     <B>Communication</B><br>
  28:main.c        ****     I2C, UART, Serial<br>
  29:main.c        ****     </p>
  30:main.c        **** */
ARM GAS  C:\Users\WINDOW~1\AppData\Local\Temp\ccjnAC1M.s 			page 2


  31:main.c        **** 
  32:main.c        **** #include <project.h>
  33:main.c        **** #include <stdio.h>
  34:main.c        **** #include "FreeRTOS.h"
  35:main.c        **** #include "task.h"
  36:main.c        **** #include "Motor.h"
  37:main.c        **** #include "Ultra.h"
  38:main.c        **** #include "Nunchuk.h"
  39:main.c        **** #include "Reflectance.h"
  40:main.c        **** #include "Gyro.h"
  41:main.c        **** #include "Accel_magnet.h"
  42:main.c        **** #include "LSM303D.h"
  43:main.c        **** #include "IR.h"
  44:main.c        **** #include "Beep.h"
  45:main.c        **** #include "mqtt_sender.h"
  46:main.c        **** #include <time.h>
  47:main.c        **** #include <sys/time.h>
  48:main.c        **** #include "serial1.h"
  49:main.c        **** #include <unistd.h>
  50:main.c        **** /**
  51:main.c        ****  * @file    main.c
  52:main.c        ****  * @brief   
  53:main.c        ****  * @details  ** Enable global interrupt since Zumo library uses interrupts. **<br>&nbsp;&nbsp;&nbsp
  54:main.c        **** */
  55:main.c        **** 
  56:main.c        **** /*****WEEK 3 EX.1*****/
  57:main.c        **** #if 1
  58:main.c        **** //motor
  59:main.c        **** void zmain(void)
  60:main.c        **** {
  28              		.loc 1 60 0
  29              		.cfi_startproc
  30              		@ Volatile: function does not return.
  31              		@ args = 0, pretend = 0, frame = 0
  32              		@ frame_needed = 0, uses_anonymous_args = 0
  33 0000 08B5     		push	{r3, lr}
  34              		.cfi_def_cfa_offset 8
  35              		.cfi_offset 3, -8
  36              		.cfi_offset 14, -4
  61:main.c        ****     motor_start();              // enable motor controller
  37              		.loc 1 61 0
  38 0002 FFF7FEFF 		bl	motor_start
  39              	.LVL0:
  62:main.c        ****     motor_forward(0,0);         // set speed to zero to stop motors
  40              		.loc 1 62 0
  41 0006 0021     		movs	r1, #0
  42 0008 0846     		mov	r0, r1
  43 000a FFF7FEFF 		bl	motor_forward
  44              	.LVL1:
  63:main.c        **** 
  64:main.c        ****     vTaskDelay(1000);
  45              		.loc 1 64 0
  46 000e 4FF47A70 		mov	r0, #1000
  47 0012 FFF7FEFF 		bl	vTaskDelay
  48              	.LVL2:
  65:main.c        ****     
  66:main.c        ****     motor_forward(100,3000);           //moving forward
ARM GAS  C:\Users\WINDOW~1\AppData\Local\Temp\ccjnAC1M.s 			page 3


  49              		.loc 1 66 0
  50 0016 40F6B831 		movw	r1, #3000
  51 001a 6420     		movs	r0, #100
  52 001c FFF7FEFF 		bl	motor_forward
  53              	.LVL3:
  67:main.c        ****     motor_turn(210,105,500);
  54              		.loc 1 67 0
  55 0020 4FF4FA72 		mov	r2, #500
  56 0024 6921     		movs	r1, #105
  57 0026 D220     		movs	r0, #210
  58 0028 FFF7FEFF 		bl	motor_turn
  59              	.LVL4:
  68:main.c        ****      
  69:main.c        ****     motor_forward(100,1900);
  60              		.loc 1 69 0
  61 002c 40F26C71 		movw	r1, #1900
  62 0030 6420     		movs	r0, #100
  63 0032 FFF7FEFF 		bl	motor_forward
  64              	.LVL5:
  70:main.c        ****     motor_turn(210,105,500);
  65              		.loc 1 70 0
  66 0036 4FF4FA72 		mov	r2, #500
  67 003a 6921     		movs	r1, #105
  68 003c D220     		movs	r0, #210
  69 003e FFF7FEFF 		bl	motor_turn
  70              	.LVL6:
  71:main.c        ****     
  72:main.c        ****     motor_forward(100,2400);
  71              		.loc 1 72 0
  72 0042 4FF41661 		mov	r1, #2400
  73 0046 6420     		movs	r0, #100
  74 0048 FFF7FEFF 		bl	motor_forward
  75              	.LVL7:
  73:main.c        ****     motor_turn(200,50,500);
  76              		.loc 1 73 0
  77 004c 4FF4FA72 		mov	r2, #500
  78 0050 3221     		movs	r1, #50
  79 0052 C820     		movs	r0, #200
  80 0054 FFF7FEFF 		bl	motor_turn
  81              	.LVL8:
  74:main.c        ****     
  75:main.c        ****     motor_forward(100,1300);
  82              		.loc 1 75 0
  83 0058 40F21451 		movw	r1, #1300
  84 005c 6420     		movs	r0, #100
  85 005e FFF7FEFF 		bl	motor_forward
  86              	.LVL9:
  76:main.c        ****     motor_turn(150,90,500);
  87              		.loc 1 76 0
  88 0062 4FF4FA72 		mov	r2, #500
  89 0066 5A21     		movs	r1, #90
  90 0068 9620     		movs	r0, #150
  91 006a FFF7FEFF 		bl	motor_turn
  92              	.LVL10:
  77:main.c        ****     motor_forward(100,1100);
  93              		.loc 1 77 0
  94 006e 40F24C41 		movw	r1, #1100
ARM GAS  C:\Users\WINDOW~1\AppData\Local\Temp\ccjnAC1M.s 			page 4


  95 0072 6420     		movs	r0, #100
  96 0074 FFF7FEFF 		bl	motor_forward
  97              	.LVL11:
  78:main.c        ****     
  79:main.c        ****     motor_stop();             // disable motor controller
  98              		.loc 1 79 0
  99 0078 FFF7FEFF 		bl	motor_stop
 100              	.LVL12:
 101              	.L2:
  80:main.c        ****     
  81:main.c        ****     while(true)
  82:main.c        ****     {
  83:main.c        ****         vTaskDelay(100);
 102              		.loc 1 83 0 discriminator 1
 103 007c 6420     		movs	r0, #100
 104 007e FFF7FEFF 		bl	vTaskDelay
 105              	.LVL13:
 106 0082 FBE7     		b	.L2
 107              		.cfi_endproc
 108              	.LFE85:
 109              		.size	zmain, .-zmain
 110              		.text
 111              	.Letext0:
 112              		.file 2 "c:\\program files (x86)\\cypress\\psoc creator\\4.2\\psoc creator\\import\\gnu\\arm\\5.4.
 113              		.file 3 "c:\\program files (x86)\\cypress\\psoc creator\\4.2\\psoc creator\\import\\gnu\\arm\\5.4.
 114              		.file 4 ".\\ZumoLibrary/Motor.h"
 115              		.file 5 "..\\FreeRTOS\\Source\\include/task.h"
 116              		.file 6 "Generated_Source\\PSoC5/core_cm3.h"
 117              		.section	.debug_info,"",%progbits
 118              	.Ldebug_info0:
 119 0000 5A020000 		.4byte	0x25a
 120 0004 0400     		.2byte	0x4
 121 0006 00000000 		.4byte	.Ldebug_abbrev0
 122 000a 04       		.byte	0x4
 123 000b 01       		.uleb128 0x1
 124 000c 52000000 		.4byte	.LASF21
 125 0010 0C       		.byte	0xc
 126 0011 34000000 		.4byte	.LASF22
 127 0015 8F010000 		.4byte	.LASF23
 128 0019 00000000 		.4byte	.Ldebug_ranges0+0
 129 001d 00000000 		.4byte	0
 130 0021 00000000 		.4byte	.Ldebug_line0
 131 0025 02       		.uleb128 0x2
 132 0026 01       		.byte	0x1
 133 0027 06       		.byte	0x6
 134 0028 67010000 		.4byte	.LASF0
 135 002c 02       		.uleb128 0x2
 136 002d 01       		.byte	0x1
 137 002e 08       		.byte	0x8
 138 002f 0E000000 		.4byte	.LASF1
 139 0033 02       		.uleb128 0x2
 140 0034 02       		.byte	0x2
 141 0035 05       		.byte	0x5
 142 0036 49010000 		.4byte	.LASF2
 143 003a 02       		.uleb128 0x2
 144 003b 02       		.byte	0x2
 145 003c 07       		.byte	0x7
ARM GAS  C:\Users\WINDOW~1\AppData\Local\Temp\ccjnAC1M.s 			page 5


 146 003d 09010000 		.4byte	.LASF3
 147 0041 03       		.uleb128 0x3
 148 0042 7F010000 		.4byte	.LASF9
 149 0046 02       		.byte	0x2
 150 0047 3F       		.byte	0x3f
 151 0048 4C000000 		.4byte	0x4c
 152 004c 02       		.uleb128 0x2
 153 004d 04       		.byte	0x4
 154 004e 05       		.byte	0x5
 155 004f 40010000 		.4byte	.LASF4
 156 0053 02       		.uleb128 0x2
 157 0054 04       		.byte	0x4
 158 0055 07       		.byte	0x7
 159 0056 E0000000 		.4byte	.LASF5
 160 005a 02       		.uleb128 0x2
 161 005b 08       		.byte	0x8
 162 005c 05       		.byte	0x5
 163 005d 00000000 		.4byte	.LASF6
 164 0061 02       		.uleb128 0x2
 165 0062 08       		.byte	0x8
 166 0063 07       		.byte	0x7
 167 0064 F2000000 		.4byte	.LASF7
 168 0068 04       		.uleb128 0x4
 169 0069 04       		.byte	0x4
 170 006a 05       		.byte	0x5
 171 006b 696E7400 		.ascii	"int\000"
 172 006f 02       		.uleb128 0x2
 173 0070 04       		.byte	0x4
 174 0071 07       		.byte	0x7
 175 0072 1C000000 		.4byte	.LASF8
 176 0076 03       		.uleb128 0x3
 177 0077 E2010000 		.4byte	.LASF10
 178 007b 03       		.byte	0x3
 179 007c 2C       		.byte	0x2c
 180 007d 41000000 		.4byte	0x41
 181 0081 02       		.uleb128 0x2
 182 0082 04       		.byte	0x4
 183 0083 04       		.byte	0x4
 184 0084 89010000 		.4byte	.LASF11
 185 0088 02       		.uleb128 0x2
 186 0089 08       		.byte	0x8
 187 008a 04       		.byte	0x4
 188 008b 53010000 		.4byte	.LASF12
 189 008f 02       		.uleb128 0x2
 190 0090 01       		.byte	0x1
 191 0091 08       		.byte	0x8
 192 0092 3B010000 		.4byte	.LASF13
 193 0096 02       		.uleb128 0x2
 194 0097 08       		.byte	0x8
 195 0098 04       		.byte	0x4
 196 0099 73010000 		.4byte	.LASF14
 197 009d 02       		.uleb128 0x2
 198 009e 04       		.byte	0x4
 199 009f 07       		.byte	0x7
 200 00a0 EA010000 		.4byte	.LASF15
 201 00a4 05       		.uleb128 0x5
 202 00a5 1C010000 		.4byte	.LASF24
ARM GAS  C:\Users\WINDOW~1\AppData\Local\Temp\ccjnAC1M.s 			page 6


 203 00a9 01       		.byte	0x1
 204 00aa 3B       		.byte	0x3b
 205 00ab 00000000 		.4byte	.LFB85
 206 00af 84000000 		.4byte	.LFE85-.LFB85
 207 00b3 01       		.uleb128 0x1
 208 00b4 9C       		.byte	0x9c
 209 00b5 14020000 		.4byte	0x214
 210 00b9 06       		.uleb128 0x6
 211 00ba 06000000 		.4byte	.LVL0
 212 00be 25020000 		.4byte	0x225
 213 00c2 07       		.uleb128 0x7
 214 00c3 0E000000 		.4byte	.LVL1
 215 00c7 30020000 		.4byte	0x230
 216 00cb DA000000 		.4byte	0xda
 217 00cf 08       		.uleb128 0x8
 218 00d0 01       		.uleb128 0x1
 219 00d1 50       		.byte	0x50
 220 00d2 01       		.uleb128 0x1
 221 00d3 30       		.byte	0x30
 222 00d4 08       		.uleb128 0x8
 223 00d5 01       		.uleb128 0x1
 224 00d6 51       		.byte	0x51
 225 00d7 01       		.uleb128 0x1
 226 00d8 30       		.byte	0x30
 227 00d9 00       		.byte	0
 228 00da 07       		.uleb128 0x7
 229 00db 16000000 		.4byte	.LVL2
 230 00df 3B020000 		.4byte	0x23b
 231 00e3 EF000000 		.4byte	0xef
 232 00e7 08       		.uleb128 0x8
 233 00e8 01       		.uleb128 0x1
 234 00e9 50       		.byte	0x50
 235 00ea 03       		.uleb128 0x3
 236 00eb 0A       		.byte	0xa
 237 00ec E803     		.2byte	0x3e8
 238 00ee 00       		.byte	0
 239 00ef 07       		.uleb128 0x7
 240 00f0 20000000 		.4byte	.LVL3
 241 00f4 30020000 		.4byte	0x230
 242 00f8 0A010000 		.4byte	0x10a
 243 00fc 08       		.uleb128 0x8
 244 00fd 01       		.uleb128 0x1
 245 00fe 50       		.byte	0x50
 246 00ff 02       		.uleb128 0x2
 247 0100 08       		.byte	0x8
 248 0101 64       		.byte	0x64
 249 0102 08       		.uleb128 0x8
 250 0103 01       		.uleb128 0x1
 251 0104 51       		.byte	0x51
 252 0105 03       		.uleb128 0x3
 253 0106 0A       		.byte	0xa
 254 0107 B80B     		.2byte	0xbb8
 255 0109 00       		.byte	0
 256 010a 07       		.uleb128 0x7
 257 010b 2C000000 		.4byte	.LVL4
 258 010f 47020000 		.4byte	0x247
 259 0113 2B010000 		.4byte	0x12b
ARM GAS  C:\Users\WINDOW~1\AppData\Local\Temp\ccjnAC1M.s 			page 7


 260 0117 08       		.uleb128 0x8
 261 0118 01       		.uleb128 0x1
 262 0119 50       		.byte	0x50
 263 011a 02       		.uleb128 0x2
 264 011b 09       		.byte	0x9
 265 011c D2       		.byte	0xd2
 266 011d 08       		.uleb128 0x8
 267 011e 01       		.uleb128 0x1
 268 011f 51       		.byte	0x51
 269 0120 02       		.uleb128 0x2
 270 0121 08       		.byte	0x8
 271 0122 69       		.byte	0x69
 272 0123 08       		.uleb128 0x8
 273 0124 01       		.uleb128 0x1
 274 0125 52       		.byte	0x52
 275 0126 03       		.uleb128 0x3
 276 0127 0A       		.byte	0xa
 277 0128 F401     		.2byte	0x1f4
 278 012a 00       		.byte	0
 279 012b 07       		.uleb128 0x7
 280 012c 36000000 		.4byte	.LVL5
 281 0130 30020000 		.4byte	0x230
 282 0134 46010000 		.4byte	0x146
 283 0138 08       		.uleb128 0x8
 284 0139 01       		.uleb128 0x1
 285 013a 50       		.byte	0x50
 286 013b 02       		.uleb128 0x2
 287 013c 08       		.byte	0x8
 288 013d 64       		.byte	0x64
 289 013e 08       		.uleb128 0x8
 290 013f 01       		.uleb128 0x1
 291 0140 51       		.byte	0x51
 292 0141 03       		.uleb128 0x3
 293 0142 0A       		.byte	0xa
 294 0143 6C07     		.2byte	0x76c
 295 0145 00       		.byte	0
 296 0146 07       		.uleb128 0x7
 297 0147 42000000 		.4byte	.LVL6
 298 014b 47020000 		.4byte	0x247
 299 014f 67010000 		.4byte	0x167
 300 0153 08       		.uleb128 0x8
 301 0154 01       		.uleb128 0x1
 302 0155 50       		.byte	0x50
 303 0156 02       		.uleb128 0x2
 304 0157 09       		.byte	0x9
 305 0158 D2       		.byte	0xd2
 306 0159 08       		.uleb128 0x8
 307 015a 01       		.uleb128 0x1
 308 015b 51       		.byte	0x51
 309 015c 02       		.uleb128 0x2
 310 015d 08       		.byte	0x8
 311 015e 69       		.byte	0x69
 312 015f 08       		.uleb128 0x8
 313 0160 01       		.uleb128 0x1
 314 0161 52       		.byte	0x52
 315 0162 03       		.uleb128 0x3
 316 0163 0A       		.byte	0xa
ARM GAS  C:\Users\WINDOW~1\AppData\Local\Temp\ccjnAC1M.s 			page 8


 317 0164 F401     		.2byte	0x1f4
 318 0166 00       		.byte	0
 319 0167 07       		.uleb128 0x7
 320 0168 4C000000 		.4byte	.LVL7
 321 016c 30020000 		.4byte	0x230
 322 0170 82010000 		.4byte	0x182
 323 0174 08       		.uleb128 0x8
 324 0175 01       		.uleb128 0x1
 325 0176 50       		.byte	0x50
 326 0177 02       		.uleb128 0x2
 327 0178 08       		.byte	0x8
 328 0179 64       		.byte	0x64
 329 017a 08       		.uleb128 0x8
 330 017b 01       		.uleb128 0x1
 331 017c 51       		.byte	0x51
 332 017d 03       		.uleb128 0x3
 333 017e 0A       		.byte	0xa
 334 017f 6009     		.2byte	0x960
 335 0181 00       		.byte	0
 336 0182 07       		.uleb128 0x7
 337 0183 58000000 		.4byte	.LVL8
 338 0187 47020000 		.4byte	0x247
 339 018b A3010000 		.4byte	0x1a3
 340 018f 08       		.uleb128 0x8
 341 0190 01       		.uleb128 0x1
 342 0191 50       		.byte	0x50
 343 0192 02       		.uleb128 0x2
 344 0193 09       		.byte	0x9
 345 0194 C8       		.byte	0xc8
 346 0195 08       		.uleb128 0x8
 347 0196 01       		.uleb128 0x1
 348 0197 51       		.byte	0x51
 349 0198 02       		.uleb128 0x2
 350 0199 08       		.byte	0x8
 351 019a 32       		.byte	0x32
 352 019b 08       		.uleb128 0x8
 353 019c 01       		.uleb128 0x1
 354 019d 52       		.byte	0x52
 355 019e 03       		.uleb128 0x3
 356 019f 0A       		.byte	0xa
 357 01a0 F401     		.2byte	0x1f4
 358 01a2 00       		.byte	0
 359 01a3 07       		.uleb128 0x7
 360 01a4 62000000 		.4byte	.LVL9
 361 01a8 30020000 		.4byte	0x230
 362 01ac BE010000 		.4byte	0x1be
 363 01b0 08       		.uleb128 0x8
 364 01b1 01       		.uleb128 0x1
 365 01b2 50       		.byte	0x50
 366 01b3 02       		.uleb128 0x2
 367 01b4 08       		.byte	0x8
 368 01b5 64       		.byte	0x64
 369 01b6 08       		.uleb128 0x8
 370 01b7 01       		.uleb128 0x1
 371 01b8 51       		.byte	0x51
 372 01b9 03       		.uleb128 0x3
 373 01ba 0A       		.byte	0xa
ARM GAS  C:\Users\WINDOW~1\AppData\Local\Temp\ccjnAC1M.s 			page 9


 374 01bb 1405     		.2byte	0x514
 375 01bd 00       		.byte	0
 376 01be 07       		.uleb128 0x7
 377 01bf 6E000000 		.4byte	.LVL10
 378 01c3 47020000 		.4byte	0x247
 379 01c7 DF010000 		.4byte	0x1df
 380 01cb 08       		.uleb128 0x8
 381 01cc 01       		.uleb128 0x1
 382 01cd 50       		.byte	0x50
 383 01ce 02       		.uleb128 0x2
 384 01cf 09       		.byte	0x9
 385 01d0 96       		.byte	0x96
 386 01d1 08       		.uleb128 0x8
 387 01d2 01       		.uleb128 0x1
 388 01d3 51       		.byte	0x51
 389 01d4 02       		.uleb128 0x2
 390 01d5 08       		.byte	0x8
 391 01d6 5A       		.byte	0x5a
 392 01d7 08       		.uleb128 0x8
 393 01d8 01       		.uleb128 0x1
 394 01d9 52       		.byte	0x52
 395 01da 03       		.uleb128 0x3
 396 01db 0A       		.byte	0xa
 397 01dc F401     		.2byte	0x1f4
 398 01de 00       		.byte	0
 399 01df 07       		.uleb128 0x7
 400 01e0 78000000 		.4byte	.LVL11
 401 01e4 30020000 		.4byte	0x230
 402 01e8 FA010000 		.4byte	0x1fa
 403 01ec 08       		.uleb128 0x8
 404 01ed 01       		.uleb128 0x1
 405 01ee 50       		.byte	0x50
 406 01ef 02       		.uleb128 0x2
 407 01f0 08       		.byte	0x8
 408 01f1 64       		.byte	0x64
 409 01f2 08       		.uleb128 0x8
 410 01f3 01       		.uleb128 0x1
 411 01f4 51       		.byte	0x51
 412 01f5 03       		.uleb128 0x3
 413 01f6 0A       		.byte	0xa
 414 01f7 4C04     		.2byte	0x44c
 415 01f9 00       		.byte	0
 416 01fa 06       		.uleb128 0x6
 417 01fb 7C000000 		.4byte	.LVL12
 418 01ff 52020000 		.4byte	0x252
 419 0203 09       		.uleb128 0x9
 420 0204 82000000 		.4byte	.LVL13
 421 0208 3B020000 		.4byte	0x23b
 422 020c 08       		.uleb128 0x8
 423 020d 01       		.uleb128 0x1
 424 020e 50       		.byte	0x50
 425 020f 02       		.uleb128 0x2
 426 0210 08       		.byte	0x8
 427 0211 64       		.byte	0x64
 428 0212 00       		.byte	0
 429 0213 00       		.byte	0
 430 0214 0A       		.uleb128 0xa
ARM GAS  C:\Users\WINDOW~1\AppData\Local\Temp\ccjnAC1M.s 			page 10


 431 0215 5A010000 		.4byte	.LASF25
 432 0219 06       		.byte	0x6
 433 021a 1207     		.2byte	0x712
 434 021c 20020000 		.4byte	0x220
 435 0220 0B       		.uleb128 0xb
 436 0221 76000000 		.4byte	0x76
 437 0225 0C       		.uleb128 0xc
 438 0226 3B000000 		.4byte	.LASF16
 439 022a 3B000000 		.4byte	.LASF16
 440 022e 04       		.byte	0x4
 441 022f 0B       		.byte	0xb
 442 0230 0C       		.uleb128 0xc
 443 0231 22010000 		.4byte	.LASF17
 444 0235 22010000 		.4byte	.LASF17
 445 0239 04       		.byte	0x4
 446 023a 0F       		.byte	0xf
 447 023b 0D       		.uleb128 0xd
 448 023c 30010000 		.4byte	.LASF18
 449 0240 30010000 		.4byte	.LASF18
 450 0244 05       		.byte	0x5
 451 0245 ED02     		.2byte	0x2ed
 452 0247 0C       		.uleb128 0xc
 453 0248 47000000 		.4byte	.LASF19
 454 024c 47000000 		.4byte	.LASF19
 455 0250 04       		.byte	0x4
 456 0251 12       		.byte	0x12
 457 0252 0C       		.uleb128 0xc
 458 0253 29000000 		.4byte	.LASF20
 459 0257 29000000 		.4byte	.LASF20
 460 025b 04       		.byte	0x4
 461 025c 0C       		.byte	0xc
 462 025d 00       		.byte	0
 463              		.section	.debug_abbrev,"",%progbits
 464              	.Ldebug_abbrev0:
 465 0000 01       		.uleb128 0x1
 466 0001 11       		.uleb128 0x11
 467 0002 01       		.byte	0x1
 468 0003 25       		.uleb128 0x25
 469 0004 0E       		.uleb128 0xe
 470 0005 13       		.uleb128 0x13
 471 0006 0B       		.uleb128 0xb
 472 0007 03       		.uleb128 0x3
 473 0008 0E       		.uleb128 0xe
 474 0009 1B       		.uleb128 0x1b
 475 000a 0E       		.uleb128 0xe
 476 000b 55       		.uleb128 0x55
 477 000c 17       		.uleb128 0x17
 478 000d 11       		.uleb128 0x11
 479 000e 01       		.uleb128 0x1
 480 000f 10       		.uleb128 0x10
 481 0010 17       		.uleb128 0x17
 482 0011 00       		.byte	0
 483 0012 00       		.byte	0
 484 0013 02       		.uleb128 0x2
 485 0014 24       		.uleb128 0x24
 486 0015 00       		.byte	0
 487 0016 0B       		.uleb128 0xb
ARM GAS  C:\Users\WINDOW~1\AppData\Local\Temp\ccjnAC1M.s 			page 11


 488 0017 0B       		.uleb128 0xb
 489 0018 3E       		.uleb128 0x3e
 490 0019 0B       		.uleb128 0xb
 491 001a 03       		.uleb128 0x3
 492 001b 0E       		.uleb128 0xe
 493 001c 00       		.byte	0
 494 001d 00       		.byte	0
 495 001e 03       		.uleb128 0x3
 496 001f 16       		.uleb128 0x16
 497 0020 00       		.byte	0
 498 0021 03       		.uleb128 0x3
 499 0022 0E       		.uleb128 0xe
 500 0023 3A       		.uleb128 0x3a
 501 0024 0B       		.uleb128 0xb
 502 0025 3B       		.uleb128 0x3b
 503 0026 0B       		.uleb128 0xb
 504 0027 49       		.uleb128 0x49
 505 0028 13       		.uleb128 0x13
 506 0029 00       		.byte	0
 507 002a 00       		.byte	0
 508 002b 04       		.uleb128 0x4
 509 002c 24       		.uleb128 0x24
 510 002d 00       		.byte	0
 511 002e 0B       		.uleb128 0xb
 512 002f 0B       		.uleb128 0xb
 513 0030 3E       		.uleb128 0x3e
 514 0031 0B       		.uleb128 0xb
 515 0032 03       		.uleb128 0x3
 516 0033 08       		.uleb128 0x8
 517 0034 00       		.byte	0
 518 0035 00       		.byte	0
 519 0036 05       		.uleb128 0x5
 520 0037 2E       		.uleb128 0x2e
 521 0038 01       		.byte	0x1
 522 0039 3F       		.uleb128 0x3f
 523 003a 19       		.uleb128 0x19
 524 003b 03       		.uleb128 0x3
 525 003c 0E       		.uleb128 0xe
 526 003d 3A       		.uleb128 0x3a
 527 003e 0B       		.uleb128 0xb
 528 003f 3B       		.uleb128 0x3b
 529 0040 0B       		.uleb128 0xb
 530 0041 27       		.uleb128 0x27
 531 0042 19       		.uleb128 0x19
 532 0043 8701     		.uleb128 0x87
 533 0045 19       		.uleb128 0x19
 534 0046 11       		.uleb128 0x11
 535 0047 01       		.uleb128 0x1
 536 0048 12       		.uleb128 0x12
 537 0049 06       		.uleb128 0x6
 538 004a 40       		.uleb128 0x40
 539 004b 18       		.uleb128 0x18
 540 004c 9742     		.uleb128 0x2117
 541 004e 19       		.uleb128 0x19
 542 004f 01       		.uleb128 0x1
 543 0050 13       		.uleb128 0x13
 544 0051 00       		.byte	0
ARM GAS  C:\Users\WINDOW~1\AppData\Local\Temp\ccjnAC1M.s 			page 12


 545 0052 00       		.byte	0
 546 0053 06       		.uleb128 0x6
 547 0054 898201   		.uleb128 0x4109
 548 0057 00       		.byte	0
 549 0058 11       		.uleb128 0x11
 550 0059 01       		.uleb128 0x1
 551 005a 31       		.uleb128 0x31
 552 005b 13       		.uleb128 0x13
 553 005c 00       		.byte	0
 554 005d 00       		.byte	0
 555 005e 07       		.uleb128 0x7
 556 005f 898201   		.uleb128 0x4109
 557 0062 01       		.byte	0x1
 558 0063 11       		.uleb128 0x11
 559 0064 01       		.uleb128 0x1
 560 0065 31       		.uleb128 0x31
 561 0066 13       		.uleb128 0x13
 562 0067 01       		.uleb128 0x1
 563 0068 13       		.uleb128 0x13
 564 0069 00       		.byte	0
 565 006a 00       		.byte	0
 566 006b 08       		.uleb128 0x8
 567 006c 8A8201   		.uleb128 0x410a
 568 006f 00       		.byte	0
 569 0070 02       		.uleb128 0x2
 570 0071 18       		.uleb128 0x18
 571 0072 9142     		.uleb128 0x2111
 572 0074 18       		.uleb128 0x18
 573 0075 00       		.byte	0
 574 0076 00       		.byte	0
 575 0077 09       		.uleb128 0x9
 576 0078 898201   		.uleb128 0x4109
 577 007b 01       		.byte	0x1
 578 007c 11       		.uleb128 0x11
 579 007d 01       		.uleb128 0x1
 580 007e 31       		.uleb128 0x31
 581 007f 13       		.uleb128 0x13
 582 0080 00       		.byte	0
 583 0081 00       		.byte	0
 584 0082 0A       		.uleb128 0xa
 585 0083 34       		.uleb128 0x34
 586 0084 00       		.byte	0
 587 0085 03       		.uleb128 0x3
 588 0086 0E       		.uleb128 0xe
 589 0087 3A       		.uleb128 0x3a
 590 0088 0B       		.uleb128 0xb
 591 0089 3B       		.uleb128 0x3b
 592 008a 05       		.uleb128 0x5
 593 008b 49       		.uleb128 0x49
 594 008c 13       		.uleb128 0x13
 595 008d 3F       		.uleb128 0x3f
 596 008e 19       		.uleb128 0x19
 597 008f 3C       		.uleb128 0x3c
 598 0090 19       		.uleb128 0x19
 599 0091 00       		.byte	0
 600 0092 00       		.byte	0
 601 0093 0B       		.uleb128 0xb
ARM GAS  C:\Users\WINDOW~1\AppData\Local\Temp\ccjnAC1M.s 			page 13


 602 0094 35       		.uleb128 0x35
 603 0095 00       		.byte	0
 604 0096 49       		.uleb128 0x49
 605 0097 13       		.uleb128 0x13
 606 0098 00       		.byte	0
 607 0099 00       		.byte	0
 608 009a 0C       		.uleb128 0xc
 609 009b 2E       		.uleb128 0x2e
 610 009c 00       		.byte	0
 611 009d 3F       		.uleb128 0x3f
 612 009e 19       		.uleb128 0x19
 613 009f 3C       		.uleb128 0x3c
 614 00a0 19       		.uleb128 0x19
 615 00a1 6E       		.uleb128 0x6e
 616 00a2 0E       		.uleb128 0xe
 617 00a3 03       		.uleb128 0x3
 618 00a4 0E       		.uleb128 0xe
 619 00a5 3A       		.uleb128 0x3a
 620 00a6 0B       		.uleb128 0xb
 621 00a7 3B       		.uleb128 0x3b
 622 00a8 0B       		.uleb128 0xb
 623 00a9 00       		.byte	0
 624 00aa 00       		.byte	0
 625 00ab 0D       		.uleb128 0xd
 626 00ac 2E       		.uleb128 0x2e
 627 00ad 00       		.byte	0
 628 00ae 3F       		.uleb128 0x3f
 629 00af 19       		.uleb128 0x19
 630 00b0 3C       		.uleb128 0x3c
 631 00b1 19       		.uleb128 0x19
 632 00b2 6E       		.uleb128 0x6e
 633 00b3 0E       		.uleb128 0xe
 634 00b4 03       		.uleb128 0x3
 635 00b5 0E       		.uleb128 0xe
 636 00b6 3A       		.uleb128 0x3a
 637 00b7 0B       		.uleb128 0xb
 638 00b8 3B       		.uleb128 0x3b
 639 00b9 05       		.uleb128 0x5
 640 00ba 00       		.byte	0
 641 00bb 00       		.byte	0
 642 00bc 00       		.byte	0
 643              		.section	.debug_aranges,"",%progbits
 644 0000 1C000000 		.4byte	0x1c
 645 0004 0200     		.2byte	0x2
 646 0006 00000000 		.4byte	.Ldebug_info0
 647 000a 04       		.byte	0x4
 648 000b 00       		.byte	0
 649 000c 0000     		.2byte	0
 650 000e 0000     		.2byte	0
 651 0010 00000000 		.4byte	.LFB85
 652 0014 84000000 		.4byte	.LFE85-.LFB85
 653 0018 00000000 		.4byte	0
 654 001c 00000000 		.4byte	0
 655              		.section	.debug_ranges,"",%progbits
 656              	.Ldebug_ranges0:
 657 0000 00000000 		.4byte	.LFB85
 658 0004 84000000 		.4byte	.LFE85
ARM GAS  C:\Users\WINDOW~1\AppData\Local\Temp\ccjnAC1M.s 			page 14


 659 0008 00000000 		.4byte	0
 660 000c 00000000 		.4byte	0
 661              		.section	.debug_line,"",%progbits
 662              	.Ldebug_line0:
 663 0000 A4010000 		.section	.debug_str,"MS",%progbits,1
 663      02007D01 
 663      00000201 
 663      FB0E0D00 
 663      01010101 
 664              	.LASF6:
 665 0000 6C6F6E67 		.ascii	"long long int\000"
 665      206C6F6E 
 665      6720696E 
 665      7400
 666              	.LASF1:
 667 000e 756E7369 		.ascii	"unsigned char\000"
 667      676E6564 
 667      20636861 
 667      7200
 668              	.LASF8:
 669 001c 756E7369 		.ascii	"unsigned int\000"
 669      676E6564 
 669      20696E74 
 669      00
 670              	.LASF20:
 671 0029 6D6F746F 		.ascii	"motor_stop\000"
 671      725F7374 
 671      6F7000
 672              	.LASF22:
 673 0034 6D61696E 		.ascii	"main.c\000"
 673      2E6300
 674              	.LASF16:
 675 003b 6D6F746F 		.ascii	"motor_start\000"
 675      725F7374 
 675      61727400 
 676              	.LASF19:
 677 0047 6D6F746F 		.ascii	"motor_turn\000"
 677      725F7475 
 677      726E00
 678              	.LASF21:
 679 0052 474E5520 		.ascii	"GNU C11 5.4.1 20160609 (release) [ARM/embedded-5-br"
 679      43313120 
 679      352E342E 
 679      31203230 
 679      31363036 
 680 0085 616E6368 		.ascii	"anch revision 237715] -mcpu=cortex-m3 -mthumb -g -O"
 680      20726576 
 680      6973696F 
 680      6E203233 
 680      37373135 
 681 00b8 67202D66 		.ascii	"g -ffunction-sections -ffat-lto-objects\000"
 681      66756E63 
 681      74696F6E 
 681      2D736563 
 681      74696F6E 
 682              	.LASF5:
 683 00e0 6C6F6E67 		.ascii	"long unsigned int\000"
ARM GAS  C:\Users\WINDOW~1\AppData\Local\Temp\ccjnAC1M.s 			page 15


 683      20756E73 
 683      69676E65 
 683      6420696E 
 683      7400
 684              	.LASF7:
 685 00f2 6C6F6E67 		.ascii	"long long unsigned int\000"
 685      206C6F6E 
 685      6720756E 
 685      7369676E 
 685      65642069 
 686              	.LASF3:
 687 0109 73686F72 		.ascii	"short unsigned int\000"
 687      7420756E 
 687      7369676E 
 687      65642069 
 687      6E7400
 688              	.LASF24:
 689 011c 7A6D6169 		.ascii	"zmain\000"
 689      6E00
 690              	.LASF17:
 691 0122 6D6F746F 		.ascii	"motor_forward\000"
 691      725F666F 
 691      72776172 
 691      6400
 692              	.LASF18:
 693 0130 76546173 		.ascii	"vTaskDelay\000"
 693      6B44656C 
 693      617900
 694              	.LASF13:
 695 013b 63686172 		.ascii	"char\000"
 695      00
 696              	.LASF4:
 697 0140 6C6F6E67 		.ascii	"long int\000"
 697      20696E74 
 697      00
 698              	.LASF2:
 699 0149 73686F72 		.ascii	"short int\000"
 699      7420696E 
 699      7400
 700              	.LASF12:
 701 0153 646F7562 		.ascii	"double\000"
 701      6C6500
 702              	.LASF25:
 703 015a 49544D5F 		.ascii	"ITM_RxBuffer\000"
 703      52784275 
 703      66666572 
 703      00
 704              	.LASF0:
 705 0167 7369676E 		.ascii	"signed char\000"
 705      65642063 
 705      68617200 
 706              	.LASF14:
 707 0173 6C6F6E67 		.ascii	"long double\000"
 707      20646F75 
 707      626C6500 
 708              	.LASF9:
 709 017f 5F5F696E 		.ascii	"__int32_t\000"
ARM GAS  C:\Users\WINDOW~1\AppData\Local\Temp\ccjnAC1M.s 			page 16


 709      7433325F 
 709      7400
 710              	.LASF11:
 711 0189 666C6F61 		.ascii	"float\000"
 711      7400
 712              	.LASF23:
 713 018f 433A5C55 		.ascii	"C:\\Users\\Windows10-Dung Tran\\Documents\\SmartDev"
 713      73657273 
 713      5C57696E 
 713      646F7773 
 713      31302D44 
 714 01be 69636573 		.ascii	"ices2021\\group11-zumo\\ZumoBot.cydsn\000"
 714      32303231 
 714      5C67726F 
 714      75703131 
 714      2D7A756D 
 715              	.LASF10:
 716 01e2 696E7433 		.ascii	"int32_t\000"
 716      325F7400 
 717              	.LASF15:
 718 01ea 73697A65 		.ascii	"sizetype\000"
 718      74797065 
 718      00
 719              		.ident	"GCC: (GNU Tools for ARM Embedded Processors) 5.4.1 20160609 (release) [ARM/embedded-5-bran
